<?xml version="1.0" encoding="UTF-8"?>
<testsuite xmlns:xsi="http://www.w3.org/2001/XMLSchema-instance" xsi:noNamespaceSchemaLocation="https://maven.apache.org/surefire/maven-surefire-plugin/xsd/surefire-test-report.xsd" version="3.0.2" name="com.example.onboarding.CustomerOnboardingControllerTest" time="7.824" tests="2" errors="0" skipped="0" failures="0">
  <properties>
[...]
</properties>
  <testcase name="shouldCreateAndRetrieveCustomer" classname="com.example.onboarding.CustomerOnboardingControllerTest" time="1.242">
    <system-out><![CDATA[16:22:28.419 [main] INFO org.springframework.test.context.support.AnnotationConfigContextLoaderUtils -- Could not detect default configuration classes for test class [com.example.onboarding.CustomerOnboardingControllerTest]: CustomerOnboardingControllerTest does not declare any static, non-private, non-final, nested classes annotated with @Configuration.
16:22:28.620 [main] INFO org.springframework.boot.test.context.SpringBootTestContextBootstrapper -- Found @SpringBootConfiguration com.example.onboarding.OnboardingApplication for test class com.example.onboarding.CustomerOnboardingControllerTest

  .   ____          _            __ _ _
 /\\ / ___'_ __ _ _(_)_ __  __ _ \ \ \ \
( ( )\___ | '_ | '_| | '_ \/ _` | \ \ \ \
 \\/  ___)| |_)| | | | | || (_| |  ) ) ) )
  '  |____| .__|_| |_|_| |_\__, | / / / /
 =========|_|==============|___/=/_/_/_/

 :: Spring Boot ::                (v3.5.0)

2026-07-29T16:22:29.331+05:30  INFO 29052 --- [customer-onboarding-service] [           main] c.e.o.CustomerOnboardingControllerTest   : Starting CustomerOnboardingControllerTest using Java 25.0.2 with PID 29052 (started by rishikpa in C:\Users\rishikpa\SonarQube_ACDC_Capabilities)
2026-07-29T16:22:29.333+05:30  INFO 29052 --- [customer-onboarding-service] [           main] c.e.o.CustomerOnboardingControllerTest   : No active profile set, falling back to 1 default profile: "default"
2026-07-29T16:22:30.230+05:30  INFO 29052 --- [customer-onboarding-service] [           main] .s.d.r.c.RepositoryConfigurationDelegate : Bootstrapping Spring Data JPA repositories in DEFAULT mode.
2026-07-29T16:22:30.326+05:30  INFO 29052 --- [customer-onboarding-service] [           main] .s.d.r.c.RepositoryConfigurationDelegate : Finished Spring Data repository scanning in 79 ms. Found 1 JPA repository interface.
2026-07-29T16:22:30.889+05:30  INFO 29052 --- [customer-onboarding-service] [           main] o.hibernate.jpa.internal.util.LogHelper  : HHH000204: Processing PersistenceUnitInfo [name: default]
2026-07-29T16:22:31.045+05:30  INFO 29052 --- [customer-onboarding-service] [           main] org.hibernate.Version                    : HHH000412: Hibernate ORM core version 6.6.15.Final
2026-07-29T16:22:31.138+05:30  INFO 29052 --- [customer-onboarding-service] [           main] o.h.c.internal.RegionFactoryInitiator    : HHH000026: Second-level cache disabled
2026-07-29T16:22:31.749+05:30  INFO 29052 --- [customer-onboarding-service] [           main] o.s.o.j.p.SpringPersistenceUnitInfo      : No LoadTimeWeaver setup: ignoring JPA class transformer
2026-07-29T16:22:31.803+05:30  INFO 29052 --- [customer-onboarding-service] [           main] com.zaxxer.hikari.HikariDataSource       : HikariPool-1 - Starting...
2026-07-29T16:22:32.074+05:30  INFO 29052 --- [customer-onboarding-service] [           main] com.zaxxer.hikari.pool.HikariPool        : HikariPool-1 - Added connection conn0: url=jdbc:h2:mem:onboardingdb user=SA
2026-07-29T16:22:32.076+05:30  INFO 29052 --- [customer-onboarding-service] [           main] com.zaxxer.hikari.HikariDataSource       : HikariPool-1 - Start completed.
2026-07-29T16:22:32.120+05:30  WARN 29052 --- [customer-onboarding-service] [           main] org.hibernate.orm.deprecation            : HHH90000025: H2Dialect does not need to be specified explicitly using 'hibernate.dialect' (remove the property setting and it will be selected by default)
2026-07-29T16:22:32.153+05:30  INFO 29052 --- [customer-onboarding-service] [           main] org.hibernate.orm.connections.pooling    : HHH10001005: Database info:
	Database JDBC URL [Connecting through datasource 'HikariDataSource (HikariPool-1)']
	Database driver: undefined/unknown
	Database version: 2.3.232
	Autocommit mode: undefined/unknown
	Isolation level: undefined/unknown
	Minimum pool size: undefined/unknown
	Maximum pool size: undefined/unknown
2026-07-29T16:22:33.416+05:30  INFO 29052 --- [customer-onboarding-service] [           main] o.h.e.t.j.p.i.JtaPlatformInitiator       : HHH000489: No JTA platform available (set 'hibernate.transaction.jta.platform' to enable JTA platform integration)
Hibernate: create table customers (id bigint generated by default as identity, company_name varchar(255) not null, created_at timestamp(6) with time zone not null, email varchar(255) not null, first_name varchar(255) not null, last_name varchar(255) not null, notes varchar(255), phone varchar(255), requested_product varchar(255) not null, status enum ('APPROVED','IN_REVIEW','NEW','REJECTED') not null, updated_at timestamp(6) with time zone not null, primary key (id))
Hibernate: alter table if exists customers drop constraint if exists UKrfbvkrffamfql7cjmen8v976v
Hibernate: alter table if exists customers add constraint UKrfbvkrffamfql7cjmen8v976v unique (email)
2026-07-29T16:22:33.517+05:30  INFO 29052 --- [customer-onboarding-service] [           main] j.LocalContainerEntityManagerFactoryBean : Initialized JPA EntityManagerFactory for persistence unit 'default'
2026-07-29T16:22:34.096+05:30  WARN 29052 --- [customer-onboarding-service] [           main] JpaBaseConfiguration$JpaWebConfiguration : spring.jpa.open-in-view is enabled by default. Therefore, database queries may be performed during view rendering. Explicitly configure spring.jpa.open-in-view to disable this warning
2026-07-29T16:22:34.559+05:30  INFO 29052 --- [customer-onboarding-service] [           main] o.s.b.a.h2.H2ConsoleAutoConfiguration    : H2 console available at '/h2-console'. Database available at 'jdbc:h2:mem:onboardingdb'
2026-07-29T16:22:34.661+05:30  INFO 29052 --- [customer-onboarding-service] [           main] o.s.b.t.m.w.SpringBootMockServletContext : Initializing Spring TestDispatcherServlet ''
2026-07-29T16:22:34.662+05:30  INFO 29052 --- [customer-onboarding-service] [           main] o.s.t.web.servlet.TestDispatcherServlet  : Initializing Servlet ''
2026-07-29T16:22:34.663+05:30  INFO 29052 --- [customer-onboarding-service] [           main] o.s.t.web.servlet.TestDispatcherServlet  : Completed initialization in 1 ms
2026-07-29T16:22:34.702+05:30  INFO 29052 --- [customer-onboarding-service] [           main] c.e.o.CustomerOnboardingControllerTest   : Started CustomerOnboardingControllerTest in 5.833 seconds (process running for 7.331)
Hibernate: insert into customers (company_name,created_at,email,first_name,last_name,notes,phone,requested_product,status,updated_at,id) values (?,?,?,?,?,?,?,?,?,?,default)
Hibernate: select co1_0.id,co1_0.company_name,co1_0.created_at,co1_0.email,co1_0.first_name,co1_0.last_name,co1_0.notes,co1_0.phone,co1_0.requested_product,co1_0.status,co1_0.updated_at from customers co1_0
]]></system-out>
    <system-err><![CDATA[Mockito is currently self-attaching to enable the inline-mock-maker. This will no longer work in future releases of the JDK. Please add Mockito as an agent to your build as described in Mockito's documentation: https://javadoc.io/doc/org.mockito/mockito-core/latest/org.mockito/org/mockito/Mockito.html#0.3
WARNING: A Java agent has been loaded dynamically (C:\Users\rishikpa\.m2\repository\net\bytebuddy\byte-buddy-agent\1.17.5\byte-buddy-agent-1.17.5.jar)
WARNING: If a serviceability tool is in use, please run with -XX:+EnableDynamicAgentLoading to hide this warning
WARNING: If a serviceability tool is not in use, please run with -Djdk.instrument.traceUsage for more information
WARNING: Dynamic loading of agents will be disallowed by default in a future release
]]></system-err>
  </testcase>
  <testcase name="shouldUpdateCustomerStatus" classname="com.example.onboarding.CustomerOnboardingControllerTest" time="0.061">
    <system-out><![CDATA[Hibernate: insert into customers (company_name,created_at,email,first_name,last_name,notes,phone,requested_product,status,updated_at,id) values (?,?,?,?,?,?,?,?,?,?,default)
Hibernate: select co1_0.id,co1_0.company_name,co1_0.created_at,co1_0.email,co1_0.first_name,co1_0.last_name,co1_0.notes,co1_0.phone,co1_0.requested_product,co1_0.status,co1_0.updated_at from customers co1_0 where co1_0.id=?
Hibernate: update customers set company_name=?,email=?,first_name=?,last_name=?,notes=?,phone=?,requested_product=?,status=?,updated_at=? where id=?
]]></system-out>
  </testcase>
</testsuite>